=== PHASE 2: RETRY ENGINE VALIDATION ===

✅ Retry tasks file found
time="2025-10-19T10:22:59+05:30" level=warning msg="C:\\Users\\srina\\OneDrive\\Documents\\Downloads\\Stealth-Reecovery-20251010T154256Z-1-001\\Stealth-Reecovery\\docker-compose.yml: the attribute `version` is obsolete, it will be ignored, please remove it to avoid potential confusion"
time="2025-10-19T10:22:59+05:30" level=warning msg="C:\\Users\\srina\\OneDrive\\Documents\\Downloads\\Stealth-Reecovery-20251010T154256Z-1-001\\Stealth-Reecovery\\docker-compose.yml: the attribute `version` is obsolete, it will be ignored, please remove it to avoid potential confusion"
Traceback (most recent call last):
  File "<string>", line 18, in <module>
  File "/app/app/tasks/retry_tasks.py", line 30, in calculate_next_retry
    if attempt.retry_count >= policy.max_retries:
       ^^^^^^^^^^^^^^^^^^^
AttributeError: 'Policy' object has no attribute 'retry_count'
Traceback (most recent call last):
  File "<string>", line 18, in <module>
  File "/app/app/tasks/retry_tasks.py", line 30, in calculate_next_retry
    if attempt.retry_count >= policy.max_retries:
       ^^^^^^^^^^^^^^^^^^^
AttributeError: 'Policy' object has no attribute 'retry_count'

Checking Celery services...
time="2025-10-19T10:23:01+05:30" level=warning msg="C:\\Users\\srina\\OneDrive\\Documents\\Downloads\\Stealth-Reecovery-20251010T154256Z-1-001\\Stealth-Reecovery\\docker-compose.yml: the attribute `version` is obsolete, it will be ignored, please remove it to avoid potential confusion"
stealth-reecovery-beat-1       stealth-reecovery-beat       "celery -A app.worke…"   beat       15 hours ago   Up 15 hours             8000/tcp
stealth-reecovery-worker-1     stealth-reecovery-worker     "celery -A app.worke…"   worker     15 hours ago   Up 15 hours             8000/tcp
✅ Celery workers operational
Retry stats endpoint: {"detail":"Invalid authenticat...

✅ PHASE 2 COMPLETE - Retry engine validated
