=== PHASE 3: CONTINUOUS DEPLOYMENT LOOP ===

Step 1: Verifying GitHub Actions workflows...

  ✅ CI workflow: .github/workflows/ci.yml
  ✅ Deploy workflow: .github/workflows/deploy.yml
    ✓ Tag triggers configured

Step 2: Checking production tag...
  ✅ Tag v1.0.0-production exists
    Created: 2025-10-19 10:47:11 +0530

Step 3: Simulating auto-deploy trigger check...

  Analyzing deploy.yml triggers...
  ✅ Tag push triggers deployment
  ✅ Docker build steps present

Step 4: Verifying Docker images...
  ✅ Backend image: f3b1c5a34fae
  ✅ Frontend image: eded9f57725c

==========================================
   PHASE 3: CI/CD CONFIGURATION RESULTS
==========================================
GitHub Workflows: 2/2 present
Production Tag: ✅ v1.0.0-production
Docker Images: ✅ Backend + Frontend built
Auto-Deploy: ✅ Configured (tag → workflow)

✅ PHASE 3 COMPLETE - CI/CD loop verified
==========================================
