=== PHASE 4: SECURITY MONITORING & SECRET ROTATION ===

Step 1: Backing up current .env...
  ✅ Backup created

Step 2: Generating new JWT secret (32+ characters)...
  ✅ New secret generated (45 characters)

Step 3: Updating JWT_SECRET in .env...
  ✅ JWT_SECRET updated

Step 4: Testing backend health after secret rotation...
  ✅ Backend health: HTTP 200
  ✅ Auth endpoint: HTTP 403 (auth required - working)

Step 5: Verifying security configurations...
  ✅ Middleware security: app/middleware.py exists
  ℹ️  HTTPS enforcement: Development mode
  ℹ️  Rate limiting: Using default

==========================================
   PHASE 4: SECURITY ROTATION RESULTS
==========================================
JWT Secret: ✅ Rotated (45 characters)
Backend Health: ✅ HTTP 200
Auth System: ✅ Working (HTTP 403)
Security Config: ✅ Verified

✅ PHASE 4 COMPLETE - Security rotation successful
==========================================
