=== PHASE 7: RELEASE SUMMARY & DOCUMENTATION ===

Step 1: Creating final delivery archive...
  ✅ Archive created: FINAL_DELIVERY_20251019-105243.tar.gz
    Size: 2.1K
    Files: 5

Step 2: Updating CHANGELOG.md...
  ✅ CHANGELOG.md updated with v1.0.1

Step 3: Generating deployment summary...
  ✅ Deployment summary created

Step 4: Listing all deliverables...

  Session Directory: _logs/20251019-105243/
    10_healthcheck.log (1000)
    15_cicd.log (961)
    20_security_rotation.log (958)
    30_observability.log (1.3K)
    40_validation.log (1.4K)
    50_release_notes.log (412)
    DEPLOYMENT_SUMMARY_20251019-105243.md (3.0K)
    FINAL_DELIVERY_20251019-105243.tar.gz (2.1K)

==========================================
   PHASE 7: RELEASE DOCUMENTATION RESULTS
==========================================
Archive: ✅ FINAL_DELIVERY_20251019-105243.tar.gz
CHANGELOG: ✅ Updated with v1.0.1
Deployment Summary: ✅ Created
Total Deliverables: 8 files

✅ PHASE 7 COMPLETE - All documentation generated
==========================================
