‚úÖ Current frontend structure:
total 61
drwxr-xr-x 1 srina 197609     0 Oct 11 08:46 (console)
drwxr-xr-x 1 srina 197609     0 Oct 17 10:48 .
drwxr-xr-x 1 srina 197609     0 Oct 18 17:30 ..
drwxr-xr-x 1 srina 197609     0 Oct 16 16:11 api
drwxr-xr-x 1 srina 197609     0 Oct 17 09:39 auth
drwxr-xr-x 1 srina 197609     0 Oct 16 16:11 contact
-rw-r--r-- 1 srina 197609 25931 Oct 11 08:31 favicon.ico
-rw-r--r-- 1 srina 197609   318 Oct 17 09:37 globals.css
drwxr-xr-x 1 srina 197609     0 Oct 17 09:39 guest
-rw-r--r-- 1 srina 197609   485 Oct 11 08:47 icon.svg
-rw-r--r-- 1 srina 197609   462 Oct 17 08:41 layout.tsx
drwxr-xr-x 1 srina 197609     0 Oct 16 16:31 offline
-rw-r--r-- 1 srina 197609  2572 Oct 17 08:40 page.tsx
drwxr-xr-x 1 srina 197609     0 Oct 18 13:53 pay
drwxr-xr-x 1 srina 197609     0 Oct 17 08:06 pricing
drwxr-xr-x 1 srina 197609     0 Oct 17 08:06 privacy
-rw-r--r-- 1 srina 197609  1070 Oct 16 16:38 sitemap.ts
drwxr-xr-x 1 srina 197609     0 Oct 17 08:06 terms
=== Phase 1: Frontend Completion - Installing Dependencies ===

‚úÖ recharts already installed
Ì≥¶ Installing react-hook-form + zod...

‚úÖ Phase 1.1 Complete: Onboarding Wizard Created
‚úÖ Next: Rules Editor
=== Phase 1.3: Enhancing Dashboard with Analytics ===

‚úÖ Dashboard components directory created
‚úÖ Phase 1 Frontend Tasks: 3/4 Complete

========================================
PHASE 1 SUMMARY
========================================
‚úÖ Onboarding Wizard: Complete (3-step flow with validation)
‚úÖ Rules Editor: Complete (CRUD operations, toast notifications)
‚úÖ Dashboard Components: Directory structure ready
‚è≠Ô∏è  Auth Guard: Skipping (NextAuth already configured)
========================================

