=== CONTINUOUS DEPLOYMENT VERIFICATION ===
Session: 20251019-105243

=== PHASE 1: ARTIFACT VERIFICATION ===

Step 1: Validating deliverables from session 20251019-104008...

  ✅ TEST_REPORT_FINAL_20251019-104008.md (2759 bytes)
  ✅ SECURITY_AUDIT_20251019-104008.md (1762 bytes)
  ✅ PERFORMANCE_REPORT_20251019-104008.md (1633 bytes)
  ✅ DEPLOYMENT_READINESS_20251019-104008.md (4272 bytes)
  ✅ RELEASE_NOTES_v1.0.0.md (3834 bytes)

Step 2: Computing SHA256 checksums...

  SHA256: TEST_REPORT_FINAL_20251019-104008.md
    5a6d16ea2d98b30694dce118df25907b2f8b9797677bab9e7e4e38fd71a16f6f
  SHA256: SECURITY_AUDIT_20251019-104008.md
    c830900572aa55f9986830bb5e34907248e55c4b6d93970e53bd7d5d3d57020e
  SHA256: PERFORMANCE_REPORT_20251019-104008.md
    472d25e5c3c05e79365470ef718057e17b93cdf90c09c79f4b572773fb15b06a
  SHA256: DEPLOYMENT_READINESS_20251019-104008.md
    f1ccfd383cf98aff239a51032b55d16a9f7d316e443205f76d1e28faa47f7ff5
  SHA256: RELEASE_NOTES_v1.0.0.md
    050d1b217ae2658edb45de1fbac9e4f71514c7ea9da0dc74147756be95cddcde

Step 3: Verifying archive integrity...
  ✅ Archive found: FINAL_DELIVERY_20251019-104008.tar.gz
  Archive contains: 12 files

  Contents preview:
    DEPLOYMENT_READINESS_20251019-104008.md
    PERFORMANCE_REPORT_20251019-104008.md
    SECURITY_AUDIT_20251019-104008.md
    TEST_REPORT_FINAL_20251019-104008.md
    01_tests_final.log
    01_tests_rerun.log
    02_security_bandit.log
    02_security_npm.log
    02_security_summary.log
    03_perf.log

==========================================
   PHASE 1: ARTIFACT VERIFICATION RESULTS
==========================================
Deliverables Validated: 5/5
Archive Integrity: ✅ Verified
Checksums: ✅ Computed

✅ PHASE 1 COMPLETE - All artifacts verified
==========================================
