=== PHASE C: PERFORMANCE & STRESS TESTS ===

Step 1: Testing API response times...
  /healthz: 750ms
  /openapi.json: 332ms

Step 2: Testing Redis latency...
  Redis: ms avg

Step 3: Testing database query performance...
  PostgreSQL connection: 10ms

Step 4: Running concurrent request test (20 requests)...
  Success rate: 20/20 (100%)

==========================================
    PHASE C: PERFORMANCE TEST RESULTS
==========================================
API Latency:
  Health endpoint: 750ms (target: <250ms)
  OpenAPI schema: 332ms

Infrastructure:
  Redis: ms (target: <5ms)
  PostgreSQL: 10ms (target: <50ms)

Load Test:
  Success Rate: 100% (target: >95%)

⚠️  Health endpoint latency above threshold
⚠️  PHASE C PARTIAL - Review performance
==========================================
