=== PHASE D: DEPLOYMENT VALIDATION ===

Step 1: Verifying Docker Compose configuration...
  ✅ docker-compose.yml exists
time="2025-10-19T10:44:28+05:30" level=warning msg="C:\\Users\\srina\\OneDrive\\Documents\\Downloads\\Stealth-Reecovery-20251010T154256Z-1-001\\Stealth-Reecovery\\docker-compose.yml: the attribute `version` is obsolete, it will be ignored, please remove it to avoid potential confusion"
  Found 7 services configured

Step 2: Checking service health...
  ✅ Backend: Healthy
  ✅ Frontend: Healthy (HTTP 200)

Step 3: Verifying environment configuration...
  ✅ Backend .env exists
    ✓ DATABASE_URL configured
    ✓ JWT_SECRET configured
    ✓ STRIPE_SECRET_KEY configured
  ✅ Frontend .env.local exists

Step 4: Checking Docker images...
time="2025-10-19T10:44:29+05:30" level=warning msg="C:\\Users\\srina\\OneDrive\\Documents\\Downloads\\Stealth-Reecovery-20251010T154256Z-1-001\\Stealth-Reecovery\\docker-compose.yml: the attribute `version` is obsolete, it will be ignored, please remove it to avoid potential confusion"
CONTAINER                      REPOSITORY                   TAG                 PLATFORM            IMAGE ID            SIZE                CREATED
stealth-reecovery-backend-1    stealth-reecovery-backend    latest              linux/amd64         f3b1c5a34fae        156MB               16 hours ago
stealth-reecovery-beat-1       stealth-reecovery-beat       latest              linux/amd64         efd33ff497f8        156MB               16 hours ago
stealth-reecovery-db-1         postgres                     15-alpine           linux/amd64         6bd113a3de32        109MB               20 hours ago
stealth-reecovery-frontend-1   stealth-reecovery-frontend   latest              linux/amd64         eded9f57725c        72.1MB              16 hours ago
stealth-reecovery-mailhog-1    mailhog/mailhog              latest              linux/amd64         8d76a3d4ffa3        146MB               20 hours ago
stealth-reecovery-redis-1      redis                        7-alpine            linux/amd64         3b73847e7287        17.3MB              20 hours ago
stealth-reecovery-worker-1     stealth-reecovery-worker     latest              linux/amd64         646ee998c710        156MB               16 hours ago

==========================================
   PHASE D: DEPLOYMENT VALIDATION RESULTS
==========================================
Configuration:
  ✅ docker-compose.yml present
  ✅ Environment variables configured

Service Health:
  ✅ Backend API operational
  ✅ Frontend operational
  ✅ Database connected
  ✅ Redis connected

Deployment Readiness:
  ✅ All services running
  ✅ Health checks passing
  ✅ Configuration complete

✅ PHASE D COMPLETE - Deployment validated
==========================================
