=== PHASE F: PRODUCTION TAGGING & RELEASE ===

Step 1: Staging test fixes...
warning: in the working copy of 'tests/test_stripe_integration.py', CRLF will be replaced by LF the next time Git touches it
  ✅ Test fixes staged

Step 2: Creating commit...
[main 33f6364] chore: fix test suite - achieve 100% pass rate (43/43)
 5 files changed, 449 insertions(+), 30 deletions(-)
 create mode 100644 _logs/20251019-104008/DEPLOYMENT_READINESS_20251019-104008.md
 create mode 100644 _logs/20251019-104008/PERFORMANCE_REPORT_20251019-104008.md
 create mode 100644 _logs/20251019-104008/SECURITY_AUDIT_20251019-104008.md
 create mode 100644 _logs/20251019-104008/TEST_REPORT_FINAL_20251019-104008.md
  ✅ Commit created

Step 3: Creating production tag v1.0.0...
  ✅ Tag v1.0.0-production created

Step 4: Verifying tag...
v1.0.0-production

Step 5: Generating release notes...
  ✅ Release notes created

==========================================
  PHASE F: PRODUCTION TAG & RELEASE
==========================================
Git Operations:
  ✅ Test fixes committed
  ✅ Tag v1.0.0-production created
  ✅ Release notes generated

Next Steps:
  1. Push to remote: git push origin main
  2. Push tag: git push origin v1.0.0-production
  3. Trigger CI/CD: GitHub Actions will auto-deploy

✅ PHASE F COMPLETE - Ready for release
==========================================
