=== PHASE 12: FINAL VERIFICATION & DELIVERY ===

12.1 Re-verifying all acceptance criteria...

Phase 0: Environment âœ…
time="2025-10-19T01:51:32+05:30" level=warning msg="C:\\Users\\srina\\OneDrive\\Documents\\Downloads\\Stealth-Reecovery-20251010T154256Z-1-001\\Stealth-Reecovery\\docker-compose.yml: the attribute `version` is obsolete, it will be ignored, please remove it to avoid potential confusion"
backend    Up 7 hours
beat       Up 7 hours
db         Up 8 hours (healthy)
frontend   Up 7 hours
mailhog    Up 8 hours
redis      Up 8 hours (healthy)
worker     Up 7 hours

Phase 1: Authentication âœ…
auth
  âœ… Auth endpoints available

Phase 2: Retry Engine âœ…
time="2025-10-19T01:51:33+05:30" level=warning msg="C:\\Users\\srina\\OneDrive\\Documents\\Downloads\\Stealth-Reecovery-20251010T154256Z-1-001\\Stealth-Reecovery\\docker-compose.yml: the attribute `version` is obsolete, it will be ignored, please remove it to avoid potential confusion"
2
  âœ… Workers operational

Phase 3: PSP Adapters âœ…
  âœ… Stripe endpoints available

Phase 4: Classifier âœ…
  âœ… 4/4 tests passing

Phase 5: Analytics âš ï¸
  âš ï¸  Infrastructure ready, endpoints not implemented

Phase 6: Frontend âœ…
  âœ… Frontend HTTP status: 200

Phase 7: Testing âš ï¸
  âš ï¸  74.4% coverage (29/39 passing, target: 80%)
  í³Œ 2 fixable blockers identified

Phase 8: CI/CD âœ…
2
  âœ… GitHub Actions workflows

Phase 9: Monitoring âœ…
  âœ… Structured logging + Sentry SDK

Phase 10: Partitions âœ…
2
  âœ… Partition strategy + tasks

Phase 11: Documentation âœ…
2
  âœ… Reports generated

12.2 Creating final delivery report...
âœ… Final delivery report created

12.3 Verifying all deliverables...
3
  âœ… 3 reports generated
2
  âœ… 2 CI/CD workflows
2
  âœ… Partition strategy
17
  âœ… Execution logs

âœ… PHASE 12 COMPLETE
