=== PHASE 3: PSP ADAPTERS & WEBHOOK VERIFICATION ===

3.1 Verifying PSP adapter structure...
time="2025-10-19T01:39:42+05:30" level=warning msg="C:\\Users\\srina\\OneDrive\\Documents\\Downloads\\Stealth-Reecovery-20251010T154256Z-1-001\\Stealth-Reecovery\\docker-compose.yml: the attribute `version` is obsolete, it will be ignored, please remove it to avoid potential confusion"
✅ PSPAdapter base class imported
✅ StripeAdapter imported
✅ RazorpayAdapter imported
✅ PSPDispatcher imported
✅ PSP Providers: ['stripe', 'razorpay', 'paypal']
✅ PSPDispatcher instantiated

3.2 Checking Stripe configuration...
time="2025-10-19T01:39:48+05:30" level=warning msg="C:\\Users\\srina\\OneDrive\\Documents\\Downloads\\Stealth-Reecovery-20251010T154256Z-1-001\\Stealth-Reecovery\\docker-compose.yml: the attribute `version` is obsolete, it will be ignored, please remove it to avoid potential confusion"
✅ STRIPE_SECRET_KEY configured: No (using test mode)
✅ STRIPE_WEBHOOK_SECRET configured: No (will skip signature verification)

3.3 Verifying Stripe payment endpoints...
"/v1/payments/stripe/checkout-sessions":
"/v1/payments/stripe/payment-links":
"/v1/payments/stripe/sessions/{session_id}/status":
"/v1/payments/stripe/intents":
"/v1/payments/stripe/checkout":

3.4 Testing Stripe webhook endpoint...
{"detail":"Stripe webhook not configured"}
HTTP:503

✅ PHASE 3 COMPLETE
