time="2025-10-18T17:32:50+05:30" level=warning msg="C:\\Users\\srina\\OneDrive\\Documents\\Downloads\\Stealth-Reecovery-20251010T154256Z-1-001\\Stealth-Reecovery\\docker-compose.yml: the attribute `version` is obsolete, it will be ignored, please remove it to avoid potential confusion"
 Container stealth-reecovery-frontend-1  Stopping
 Container stealth-reecovery-frontend-1  Stopped
 Container stealth-reecovery-frontend-1  Removing
 Container stealth-reecovery-frontend-1  Removed
 Container stealth-reecovery-backend-1  Stopping
 Container stealth-reecovery-backend-1  Stopped
 Container stealth-reecovery-backend-1  Removing
 Container stealth-reecovery-backend-1  Removed
 Container stealth-reecovery-redis-1  Stopping
 Container stealth-reecovery-db-1  Stopping
 Container stealth-reecovery-mailhog-1  Stopping
 Container stealth-reecovery-mailhog-1  Stopped
 Container stealth-reecovery-mailhog-1  Removing
 Container stealth-reecovery-mailhog-1  Removed
 Container stealth-reecovery-redis-1  Stopped
 Container stealth-reecovery-redis-1  Removing
 Container stealth-reecovery-redis-1  Removed
 Container stealth-reecovery-db-1  Stopped
 Container stealth-reecovery-db-1  Removing
 Container stealth-reecovery-db-1  Removed
 Network stealth-reecovery_default  Removing
 Volume stealth-reecovery_postgres_data  Removing
 Volume stealth-reecovery_postgres_data  Removed
 Network stealth-reecovery_default  Removed
