time="2025-10-18T17:33:14+05:30" level=warning msg="C:\\Users\\srina\\OneDrive\\Documents\\Downloads\\Stealth-Reecovery-20251010T154256Z-1-001\\Stealth-Reecovery\\docker-compose.yml: the attribute `version` is obsolete, it will be ignored, please remove it to avoid potential confusion"
#1 [internal] load local bake definitions
#1 reading from stdin 1.34kB done
#1 DONE 0.0s

#2 [backend internal] load build definition from Dockerfile
#2 transferring dockerfile: 923B 0.0s done
#2 DONE 0.1s

#3 [frontend internal] load build definition from Dockerfile
#3 transferring dockerfile: 1.07kB 0.0s done
#3 DONE 0.1s

#4 [backend internal] load metadata for docker.io/library/python:3.11-slim
#4 ...

#5 [auth] library/python:pull token for registry-1.docker.io
#5 DONE 0.0s

#6 [auth] library/node:pull token for registry-1.docker.io
#6 DONE 0.0s

#7 [frontend internal] load metadata for docker.io/library/node:20-alpine
#7 DONE 2.2s

#4 [backend internal] load metadata for docker.io/library/python:3.11-slim
#4 DONE 2.2s

#8 [frontend internal] load .dockerignore
#8 transferring context: 189B done
#8 DONE 0.0s

#9 [backend internal] load .dockerignore
#9 transferring context: 286B done
#9 DONE 0.1s

#10 [backend internal] load build context
#10 DONE 0.0s

#11 [frontend internal] load build context
#11 DONE 0.0s

#12 [frontend base 1/1] FROM docker.io/library/node:20-alpine@sha256:1ab6fc5a31d515dc7b6b25f6acfda2001821f2c2400252b6cb61044bd9f9ad48
#12 resolve docker.io/library/node:20-alpine@sha256:1ab6fc5a31d515dc7b6b25f6acfda2001821f2c2400252b6cb61044bd9f9ad48
#12 resolve docker.io/library/node:20-alpine@sha256:1ab6fc5a31d515dc7b6b25f6acfda2001821f2c2400252b6cb61044bd9f9ad48 0.0s done
#12 DONE 0.0s

#13 [backend 1/9] FROM docker.io/library/python:3.11-slim@sha256:ff8533f48e12b705fc20d339fde2ec61d0b234dd9366bab3bc84d7b70a45c8c0
#13 resolve docker.io/library/python:3.11-slim@sha256:ff8533f48e12b705fc20d339fde2ec61d0b234dd9366bab3bc84d7b70a45c8c0 0.0s done
#13 DONE 0.0s

#11 [frontend internal] load build context
#11 transferring context: 16.55kB 0.1s done
#11 DONE 0.1s

#10 [backend internal] load build context
#10 transferring context: 160.04kB 0.1s done
#10 DONE 0.1s

#14 [frontend deps 2/4] WORKDIR /app
#14 CACHED

#15 [frontend deps 3/4] COPY package.json package-lock.json* ./
#15 CACHED

#16 [frontend deps 1/4] RUN apk add --no-cache libc6-compat
#16 CACHED

#17 [frontend deps 4/4] RUN npm ci
#17 CACHED

#18 [frontend builder 1/4] WORKDIR /app
#18 CACHED

#19 [frontend builder 2/4] COPY --from=deps /app/node_modules ./node_modules
#19 CACHED

#20 [backend 2/9] WORKDIR /app
#20 CACHED

#21 [backend 4/9] COPY requirements.txt .
#21 CACHED

#22 [backend 3/9] RUN apt-get update && apt-get install -y     gcc     && rm -rf /var/lib/apt/lists/*
#22 CACHED

#23 [backend 5/9] RUN pip install --no-cache-dir -r requirements.txt
#23 CACHED

#24 [backend 6/9] COPY app/ ./app/
#24 DONE 0.2s

#25 [frontend builder 3/4] COPY . .
#25 ...

#26 [backend 7/9] COPY migrations/ ./migrations/
#26 DONE 0.1s

#25 [frontend builder 3/4] COPY . .
#25 DONE 0.5s

#27 [backend 8/9] COPY alembic.ini .
#27 DONE 0.1s

#28 [backend 9/9] RUN mkdir -p /app/data
#28 DONE 2.5s

#29 [frontend builder 4/4] RUN npm run build
#29 ...

#30 [backend] exporting to image
#30 exporting layers 1.4s done
#30 exporting manifest sha256:c7a436123ea1ceaeebf103a48e9bf2aa727533b371e395a19b354b0241eeaa70 0.1s done
#30 exporting config sha256:20e331e3024d456eea5e7c1b7de08af5e9662b13ee6e140690e9e08468dd3e5f 0.1s done
#30 exporting attestation manifest sha256:ff1e8c0cff72f07a18b1e89f8ba33963cf6effdcd5b8d16c46c1f2adb4532caf 0.1s done
#30 exporting manifest list sha256:e004b5d7a63ce0b6ed4f7af26eba650748d6df0bd6eebb61329d991360eba4f1 0.1s done
#30 naming to docker.io/library/stealth-reecovery-backend:latest 0.0s done
#30 unpacking to docker.io/library/stealth-reecovery-backend:latest
#30 unpacking to docker.io/library/stealth-reecovery-backend:latest 0.8s done
#30 DONE 2.9s

#29 [frontend builder 4/4] RUN npm run build
#29 ...

#31 [backend] resolving provenance for metadata file
#31 DONE 0.1s

#29 [frontend builder 4/4] RUN npm run build
#29 8.435 
#29 8.435 > tinko-console@0.1.0 build
#29 8.435 > next build --turbopack
#29 8.435 
#29 13.77    ▲ Next.js 15.5.4 (Turbopack)
#29 13.77    - Environments: .env
#29 13.77 
#29 13.85    Creating an optimized production build ...
#29 63.60  ✓ Finished writing to disk in 1196ms
#29 63.72  ✓ Compiled successfully in 48s
#29 63.88    Skipping validation of types
#29 63.88    Skipping linting
#29 64.60    Collecting page data ...
#29 66.94    Generating static pages (0/26) ...
#29 68.30    Generating static pages (6/26) 
#29 68.33    Generating static pages (12/26) 
#29 68.54    Generating static pages (19/26) 
#29 68.56  ✓ Generating static pages (26/26)
#29 69.69    Finalizing page optimization ...
#29 69.69    Collecting build traces ...
#29 102.9 
#29 102.9 Route (app)                         Size  First Load JS
#29 102.9 ┌ ○ /                                0 B         127 kB
#29 102.9 ├ ○ /_not-found                      0 B         123 kB
#29 102.9 ├ ƒ /api/auth/[...nextauth]          0 B            0 B
#29 102.9 ├ ƒ /auth/error                      0 B         127 kB
#29 102.9 ├ ○ /auth/signin                 4.14 kB         128 kB
#29 102.9 ├ ○ /auth/signup                 4.11 kB         128 kB
#29 102.9 ├ ○ /contact                     17.3 kB         141 kB
#29 102.9 ├ ○ /dashboard                       0 B         138 kB
#29 102.9 ├ ○ /developer                       0 B         138 kB
#29 102.9 ├ ○ /developer/logs                  0 B         138 kB
#29 102.9 ├ ○ /guest                           0 B         127 kB
#29 102.9 ├ ○ /icon.svg                        0 B            0 B
#29 102.9 ├ ○ /offline                     5.18 kB         129 kB
#29 102.9 ├ ○ /onboarding                      0 B         138 kB
#29 102.9 ├ ƒ /pay/[token]                 5.62 kB         129 kB
#29 102.9 ├ ○ /pay/cancel                  5.07 kB         129 kB
#29 102.9 ├ ƒ /pay/retry/[token]           1.38 kB         125 kB
#29 102.9 ├ ○ /pay/retry/success               0 B         123 kB
#29 102.9 ├ ○ /pay/success                 5.43 kB         129 kB
#29 102.9 ├ ○ /pricing                         0 B         127 kB
#29 102.9 ├ ○ /privacy                         0 B         127 kB
#29 102.9 ├ ○ /rules                           0 B         138 kB
#29 102.9 ├ ○ /settings                        0 B         138 kB
#29 102.9 ├ ○ /sitemap.xml                     0 B            0 B
#29 102.9 ├ ○ /templates                       0 B         138 kB
#29 102.9 └ ○ /terms                           0 B         127 kB
#29 102.9 + First Load JS shared by all     133 kB
#29 102.9   ├ chunks/30cb146bc1e6f45f.js   59.2 kB
#29 102.9   ├ chunks/8082ab48faca5ea1.js   17.2 kB
#29 102.9   ├ chunks/8de370c3cbabf345.js     14 kB
#29 102.9   └ other shared chunks (total)  42.8 kB
#29 102.9 
#29 102.9 
#29 102.9 ƒ Middleware                     39.3 kB
#29 102.9 
#29 102.9 ○  (Static)   prerendered as static content
#29 102.9 ƒ  (Dynamic)  server-rendered on demand
#29 102.9 
#29 103.2 npm notice
#29 103.2 npm notice New major version of npm available! 10.8.2 -> 11.6.2
#29 103.2 npm notice Changelog: https://github.com/npm/cli/releases/tag/v11.6.2
#29 103.2 npm notice To update run: npm install -g npm@11.6.2
#29 103.2 npm notice
#29 DONE 103.9s

#32 [frontend runner 2/6] RUN addgroup --system --gid 1001 nodejs
#32 CACHED

#33 [frontend runner 3/6] RUN adduser --system --uid 1001 nextjs
#33 CACHED

#34 [frontend runner 4/6] COPY --from=builder /app/public ./public
#34 CACHED

#35 [frontend runner 5/6] COPY --from=builder --chown=nextjs:nodejs /app/.next/standalone ./
#35 DONE 3.2s

#36 [frontend runner 6/6] COPY --from=builder --chown=nextjs:nodejs /app/.next/static ./.next/static
#36 DONE 0.2s

#37 [frontend] exporting to image
#37 exporting layers
#37 exporting layers 4.2s done
#37 exporting manifest sha256:82a2685558984827a917101c6705caf9ecd99090245f5bcad7a00f5697a6342f 0.0s done
#37 exporting config sha256:d06f46ee77579a1eb38715b9fa1cb4656e67359e65bea8707f7f3485ab526843 0.0s done
#37 exporting attestation manifest sha256:39953a5828ba053424be9946b68a85d1db242bf504ee03c3c12764badb7ae45c
#37 exporting attestation manifest sha256:39953a5828ba053424be9946b68a85d1db242bf504ee03c3c12764badb7ae45c 0.0s done
#37 exporting manifest list sha256:df3580f00ea104b9ebe69df29d15cd52df5038c8060fc7019fa465a59898a924 0.1s done
#37 naming to docker.io/library/stealth-reecovery-frontend:latest done
#37 unpacking to docker.io/library/stealth-reecovery-frontend:latest
#37 unpacking to docker.io/library/stealth-reecovery-frontend:latest 1.6s done
#37 DONE 6.2s

#38 [frontend] resolving provenance for metadata file
#38 DONE 0.2s
 stealth-reecovery-backend  Built
 stealth-reecovery-frontend  Built
