time="2025-10-18T17:35:42+05:30" level=warning msg="C:\\Users\\srina\\OneDrive\\Documents\\Downloads\\Stealth-Reecovery-20251010T154256Z-1-001\\Stealth-Reecovery\\docker-compose.yml: the attribute `version` is obsolete, it will be ignored, please remove it to avoid potential confusion"
 Network stealth-reecovery_default  Creating
 Network stealth-reecovery_default  Created
 Volume "stealth-reecovery_postgres_data"  Creating
 Volume "stealth-reecovery_postgres_data"  Created
 Container stealth-reecovery-mailhog-1  Creating
 Container stealth-reecovery-db-1  Creating
 Container stealth-reecovery-redis-1  Creating
 Container stealth-reecovery-mailhog-1  Created
 Container stealth-reecovery-redis-1  Created
 Container stealth-reecovery-db-1  Created
 Container stealth-reecovery-backend-1  Creating
 Container stealth-reecovery-backend-1  Created
 Container stealth-reecovery-frontend-1  Creating
 Container stealth-reecovery-frontend-1  Created
 Container stealth-reecovery-redis-1  Starting
 Container stealth-reecovery-db-1  Starting
 Container stealth-reecovery-mailhog-1  Starting
 Container stealth-reecovery-db-1  Started
 Container stealth-reecovery-redis-1  Started
 Container stealth-reecovery-mailhog-1  Started
 Container stealth-reecovery-db-1  Waiting
 Container stealth-reecovery-redis-1  Waiting
 Container stealth-reecovery-redis-1  Healthy
 Container stealth-reecovery-db-1  Healthy
 Container stealth-reecovery-backend-1  Starting
 Container stealth-reecovery-backend-1  Started
 Container stealth-reecovery-frontend-1  Starting
 Container stealth-reecovery-frontend-1  Started
