time="2025-10-18T17:37:18+05:30" level=warning msg="C:\\Users\\srina\\OneDrive\\Documents\\Downloads\\Stealth-Reecovery-20251010T154256Z-1-001\\Stealth-Reecovery\\docker-compose.yml: the attribute `version` is obsolete, it will be ignored, please remove it to avoid potential confusion"
#1 [internal] load local bake definitions
#1 reading from stdin 1.88kB done
#1 DONE 0.0s

#2 [worker internal] load build definition from Dockerfile
#2 transferring dockerfile: 30B 0.0s
#2 transferring dockerfile: 923B 0.1s done
#2 DONE 0.2s

#3 [worker internal] load metadata for docker.io/library/python:3.11-slim
#3 DONE 1.9s

#4 [beat internal] load .dockerignore
#4 transferring context: 286B 0.0s done
#4 DONE 0.1s

#5 [worker internal] load build context
#5 DONE 0.0s

#6 [beat 1/9] FROM docker.io/library/python:3.11-slim@sha256:ff8533f48e12b705fc20d339fde2ec61d0b234dd9366bab3bc84d7b70a45c8c0
#6 resolve docker.io/library/python:3.11-slim@sha256:ff8533f48e12b705fc20d339fde2ec61d0b234dd9366bab3bc84d7b70a45c8c0 0.1s done
#6 resolve docker.io/library/python:3.11-slim@sha256:ff8533f48e12b705fc20d339fde2ec61d0b234dd9366bab3bc84d7b70a45c8c0 0.1s done
#6 DONE 0.1s

#5 [worker internal] load build context
#5 transferring context: 7.74kB 0.1s done
#5 transferring context: 7.74kB 0.1s done
#5 DONE 0.1s

#7 [worker 5/9] RUN pip install --no-cache-dir -r requirements.txt
#7 CACHED

#8 [worker 3/9] RUN apt-get update && apt-get install -y     gcc     && rm -rf /var/lib/apt/lists/*
#8 CACHED

#9 [worker 7/9] COPY migrations/ ./migrations/
#9 CACHED

#10 [worker 4/9] COPY requirements.txt .
#10 CACHED

#11 [worker 6/9] COPY app/ ./app/
#11 CACHED

#12 [worker 8/9] COPY alembic.ini .
#12 CACHED

#13 [worker 2/9] WORKDIR /app
#13 CACHED

#14 [beat 9/9] RUN mkdir -p /app/data
#14 CACHED

#15 [worker] exporting to image
#15 exporting layers
#15 exporting layers 0.0s done
#15 exporting manifest sha256:4669276c82c8d419c7144774f0c440305ca34cb611fc784d0d71e0e5de53a5dc
#15 exporting manifest sha256:4669276c82c8d419c7144774f0c440305ca34cb611fc784d0d71e0e5de53a5dc 0.2s done
#15 exporting config sha256:5b96c5bca83cf9d7a2531011ea7fcdd23aeaeb37f12adede2f5d8d66a49d6f45
#15 exporting config sha256:5b96c5bca83cf9d7a2531011ea7fcdd23aeaeb37f12adede2f5d8d66a49d6f45 0.1s done
#15 exporting attestation manifest sha256:e4df4aed6eeaf2ed006062f1a834e63a13beb4e5ad247c4c09cb261a63145b7a
#15 exporting attestation manifest sha256:e4df4aed6eeaf2ed006062f1a834e63a13beb4e5ad247c4c09cb261a63145b7a 0.2s done
#15 exporting manifest list sha256:0020e37b527adaed5b12f9bbe24958ac63630929dab9e2d528c9c5a531228087
#15 exporting manifest list sha256:0020e37b527adaed5b12f9bbe24958ac63630929dab9e2d528c9c5a531228087 0.1s done
#15 naming to docker.io/library/stealth-reecovery-worker:latest
#15 naming to docker.io/library/stealth-reecovery-worker:latest 0.0s done
#15 unpacking to docker.io/library/stealth-reecovery-worker:latest 0.0s done
#15 DONE 1.0s

#16 [beat] exporting to image
#16 exporting layers 0.0s done
#16 exporting manifest sha256:475bafbcd902c934192b6128285dd2f63d5156347b23d8a68722069587124311 0.2s done
#16 exporting config sha256:e7011cff4b062d5614110eeabb03e9d70e8b3a27d3ebc7f697f44a3f63bc7f6f 0.1s done
#16 exporting attestation manifest sha256:d96de83bdf4e84a17d86ec96a71ffe34d32d9b81cdc6bed5bfd88f0e267d1ac6 0.2s done
#16 exporting manifest list sha256:2c0d88a2522116e30a3309cd2d641586422643d791f097421947077b6659da77 0.1s done
#16 naming to docker.io/library/stealth-reecovery-beat:latest 0.0s done
#16 unpacking to docker.io/library/stealth-reecovery-beat:latest 0.1s done
#16 DONE 1.1s

#17 [worker] resolving provenance for metadata file
#17 ...

#18 [beat] resolving provenance for metadata file
#18 DONE 0.1s

#17 [worker] resolving provenance for metadata file
#17 DONE 0.1s
 stealth-reecovery-worker  Built
 stealth-reecovery-beat  Built
 Container stealth-reecovery-mailhog-1  Running
 Container stealth-reecovery-db-1  Running
 Container stealth-reecovery-redis-1  Running
 Container stealth-reecovery-backend-1  Running
 Container stealth-reecovery-worker-1  Creating
 Container stealth-reecovery-beat-1  Creating
 Container stealth-reecovery-worker-1  Created
 Container stealth-reecovery-beat-1  Created
 Container stealth-reecovery-db-1  Waiting
 Container stealth-reecovery-redis-1  Waiting
 Container stealth-reecovery-redis-1  Healthy
 Container stealth-reecovery-db-1  Healthy
 Container stealth-reecovery-beat-1  Starting
 Container stealth-reecovery-worker-1  Starting
 Container stealth-reecovery-beat-1  Started
 Container stealth-reecovery-worker-1  Started
