time="2025-10-18T18:57:15+05:30" level=warning msg="C:\\Users\\srina\\OneDrive\\Documents\\Downloads\\Stealth-Reecovery-20251010T154256Z-1-001\\Stealth-Reecovery\\docker-compose.yml: the attribute `version` is obsolete, it will be ignored, please remove it to avoid potential confusion"
#1 [internal] load local bake definitions
#1 reading from stdin 2.54kB 0.1s done
#1 DONE 0.1s

#2 [beat internal] load build definition from Dockerfile
#2 transferring dockerfile:
#2 transferring dockerfile: 923B 0.3s done
#2 DONE 0.8s

#3 [frontend internal] load build definition from Dockerfile
#3 transferring dockerfile: 1.07kB 0.3s done
#3 DONE 0.9s

#4 [beat internal] load metadata for docker.io/library/python:3.11-slim
#4 ...

#5 [auth] library/node:pull token for registry-1.docker.io
#5 DONE 0.0s

#6 [auth] library/python:pull token for registry-1.docker.io
#6 DONE 0.0s

#7 [frontend internal] load metadata for docker.io/library/node:20-alpine
#7 DONE 6.4s

#4 [worker internal] load metadata for docker.io/library/python:3.11-slim
#4 DONE 6.4s

#8 [frontend internal] load .dockerignore
#8 transferring context: 189B 0.0s done
#8 DONE 0.1s

#9 [backend internal] load .dockerignore
#9 transferring context: 286B 0.0s done
#9 DONE 0.1s

#10 [frontend internal] load build context
#10 DONE 0.0s

#11 [backend internal] load build context
#11 DONE 0.0s

#12 [backend 1/9] FROM docker.io/library/python:3.11-slim@sha256:ff8533f48e12b705fc20d339fde2ec61d0b234dd9366bab3bc84d7b70a45c8c0
#12 resolve docker.io/library/python:3.11-slim@sha256:ff8533f48e12b705fc20d339fde2ec61d0b234dd9366bab3bc84d7b70a45c8c0 0.1s done
#12 resolve docker.io/library/python:3.11-slim@sha256:ff8533f48e12b705fc20d339fde2ec61d0b234dd9366bab3bc84d7b70a45c8c0 0.1s done
#12 DONE 0.1s

#13 [frontend base 1/1] FROM docker.io/library/node:20-alpine@sha256:1ab6fc5a31d515dc7b6b25f6acfda2001821f2c2400252b6cb61044bd9f9ad48
#13 resolve docker.io/library/node:20-alpine@sha256:1ab6fc5a31d515dc7b6b25f6acfda2001821f2c2400252b6cb61044bd9f9ad48 0.1s done
#13 DONE 0.1s

#11 [beat internal] load build context
#11 transferring context: 32.27kB 0.1s done
#11 transferring context: 32.27kB 0.1s done
#11 DONE 0.1s

#10 [frontend internal] load build context
#10 transferring context: 6.89kB 0.1s done
#10 DONE 0.2s

#14 [beat 4/9] COPY requirements.txt .
#14 CACHED

#15 [beat 2/9] WORKDIR /app
#15 CACHED

#16 [beat 3/9] RUN apt-get update && apt-get install -y     gcc     && rm -rf /var/lib/apt/lists/*
#16 CACHED

#17 [worker 5/9] RUN pip install --no-cache-dir -r requirements.txt
#17 CACHED

#18 [frontend deps 4/4] RUN npm ci
#18 CACHED

#19 [frontend deps 3/4] COPY package.json package-lock.json* ./
#19 CACHED

#20 [frontend builder 1/4] WORKDIR /app
#20 CACHED

#21 [frontend deps 2/4] WORKDIR /app
#21 CACHED

#22 [frontend runner 4/6] COPY --from=builder /app/public ./public
#22 CACHED

#23 [frontend runner 3/6] RUN adduser --system --uid 1001 nextjs
#23 CACHED

#24 [frontend builder 2/4] COPY --from=deps /app/node_modules ./node_modules
#24 CACHED

#25 [frontend runner 5/6] COPY --from=builder --chown=nextjs:nodejs /app/.next/standalone ./
#25 CACHED

#26 [frontend builder 3/4] COPY . .
#26 CACHED

#27 [frontend builder 4/4] RUN npm run build
#27 CACHED

#28 [frontend deps 1/4] RUN apk add --no-cache libc6-compat
#28 CACHED

#29 [frontend runner 2/6] RUN addgroup --system --gid 1001 nodejs
#29 CACHED

#30 [frontend runner 6/6] COPY --from=builder --chown=nextjs:nodejs /app/.next/static ./.next/static
#30 CACHED

#31 [frontend] exporting to image
#31 exporting layers 0.0s done
#31 exporting manifest sha256:82a2685558984827a917101c6705caf9ecd99090245f5bcad7a00f5697a6342f done
#31 exporting config sha256:d06f46ee77579a1eb38715b9fa1cb4656e67359e65bea8707f7f3485ab526843 done
#31 exporting attestation manifest sha256:04cca1b329f1d0d44eb4d69809506168a22f1ad48bfeb03778f25613d1370e45
#31 exporting attestation manifest sha256:04cca1b329f1d0d44eb4d69809506168a22f1ad48bfeb03778f25613d1370e45 0.1s done
#31 exporting manifest list sha256:eded9f57725c429557e29219799557c0c8ac128d40b77fd41d0699e65fff17c3
#31 exporting manifest list sha256:eded9f57725c429557e29219799557c0c8ac128d40b77fd41d0699e65fff17c3 0.0s done
#31 naming to docker.io/library/stealth-reecovery-frontend:latest done
#31 unpacking to docker.io/library/stealth-reecovery-frontend:latest 0.1s done
#31 DONE 0.4s

#32 [worker 6/9] COPY app/ ./app/
#32 DONE 0.7s

#33 [backend 7/9] COPY migrations/ ./migrations/
#33 DONE 0.7s

#34 [worker 8/9] COPY alembic.ini .
#34 DONE 0.8s

#35 [beat 9/9] RUN mkdir -p /app/data
#35 ...

#36 [frontend] resolving provenance for metadata file
#36 DONE 0.5s

#35 [beat 9/9] RUN mkdir -p /app/data
#35 DONE 3.6s

#37 [worker] exporting to image
#37 exporting layers
#37 exporting layers 2.3s done
#37 exporting manifest sha256:9b97b44665b02e154fa209b61eda24d5c6b30fe5857576e7274c738165986487
#37 exporting manifest sha256:9b97b44665b02e154fa209b61eda24d5c6b30fe5857576e7274c738165986487 0.2s done
#37 exporting config sha256:29f03b00a05090b9a43343657e938e8a370afdeebc833ea15de42e82b5b38500
#37 exporting config sha256:29f03b00a05090b9a43343657e938e8a370afdeebc833ea15de42e82b5b38500 0.2s done
#37 exporting attestation manifest sha256:c4223a30126115860ea5a6e1186d66fe26712d2b7c0c9ad94931f57705539680
#37 exporting attestation manifest sha256:c4223a30126115860ea5a6e1186d66fe26712d2b7c0c9ad94931f57705539680 0.8s done
#37 exporting manifest list sha256:646ee998c710597fcedc54d1a4d00f98ca52c3f3d7f303be7bc5cd18a1774b15
#37 exporting manifest list sha256:646ee998c710597fcedc54d1a4d00f98ca52c3f3d7f303be7bc5cd18a1774b15 0.4s done
#37 naming to docker.io/library/stealth-reecovery-worker:latest
#37 naming to docker.io/library/stealth-reecovery-worker:latest 0.1s done
#37 unpacking to docker.io/library/stealth-reecovery-worker:latest
#37 ...

#38 [backend] exporting to image
#38 exporting layers 2.1s done
#38 exporting manifest sha256:57af1e2468bf8cc40a42a4b354838839f6452bd02eeb949050f2ee5e3b837fa6 0.2s done
#38 exporting config sha256:ba0576b14ec91d671690ec3f37b90691c3e13ff535c279efd7228aade768ecd8 0.1s done
#38 exporting attestation manifest sha256:762e789fac6502cd0384e9fa5090b07b0f5ac88d822de8821015d5d31f072344 0.8s done
#38 exporting manifest list sha256:f3b1c5a34faee7d651db87bd6fc9e898bfebe1c526ab6922b6201c8c11cce3c5 0.4s done
#38 naming to docker.io/library/stealth-reecovery-backend:latest 0.0s done
#38 unpacking to docker.io/library/stealth-reecovery-backend:latest
#38 ...

#39 [beat] exporting to image
#39 exporting layers 2.3s done
#39 exporting manifest sha256:e6516e8994ce850d51f3a50fa4b67060a671bd0d3c07c975fc903327e9010f6c 0.2s done
#39 exporting config sha256:91878d1fbefb72a41e6bfb9a08ea74b7444f0f46780c14ec1655bae3eece79aa 0.2s done
#39 exporting attestation manifest sha256:1828c298c0c8692ed8ab358e8e87df0f65a1cba6920303fe70689123a88a01ef 0.8s done
#39 exporting manifest list sha256:efd33ff497f804a07edcb22a825dc09ca45262bce0dcb4755bb90dea8d0124da 0.4s done
#39 naming to docker.io/library/stealth-reecovery-beat:latest 0.1s done
#39 unpacking to docker.io/library/stealth-reecovery-beat:latest
#39 ...

#38 [backend] exporting to image
#38 unpacking to docker.io/library/stealth-reecovery-backend:latest 5.7s done
#38 DONE 10.2s

#39 [beat] exporting to image
#39 unpacking to docker.io/library/stealth-reecovery-beat:latest 5.6s done
#39 ...

#37 [worker] exporting to image
#37 unpacking to docker.io/library/stealth-reecovery-worker:latest 5.6s done
#37 DONE 10.4s

#39 [beat] exporting to image
#39 DONE 10.5s

#40 [backend] resolving provenance for metadata file
#40 DONE 0.6s

#41 [worker] resolving provenance for metadata file
#41 DONE 0.4s

#42 [beat] resolving provenance for metadata file
#42 DONE 0.1s
 stealth-reecovery-frontend  Built
 stealth-reecovery-worker  Built
 stealth-reecovery-beat  Built
 stealth-reecovery-backend  Built
