time="2025-10-18T18:58:06+05:30" level=warning msg="C:\\Users\\srina\\OneDrive\\Documents\\Downloads\\Stealth-Reecovery-20251010T154256Z-1-001\\Stealth-Reecovery\\docker-compose.yml: the attribute `version` is obsolete, it will be ignored, please remove it to avoid potential confusion"
 Container stealth-reecovery-mailhog-1  Running
 Container stealth-reecovery-db-1  Running
 Container stealth-reecovery-redis-1  Running
 Container stealth-reecovery-backend-1  Recreate
 Container stealth-reecovery-backend-1  Recreated
 Container stealth-reecovery-worker-1  Recreate
 Container stealth-reecovery-beat-1  Recreate
 Container stealth-reecovery-frontend-1  Recreate
 Container stealth-reecovery-frontend-1  Recreated
 Container stealth-reecovery-beat-1  Recreated
 Container stealth-reecovery-worker-1  Recreated
 Container stealth-reecovery-db-1  Waiting
 Container stealth-reecovery-redis-1  Waiting
 Container stealth-reecovery-redis-1  Healthy
 Container stealth-reecovery-db-1  Healthy
 Container stealth-reecovery-backend-1  Starting
 Container stealth-reecovery-backend-1  Started
 Container stealth-reecovery-worker-1  Starting
 Container stealth-reecovery-frontend-1  Starting
 Container stealth-reecovery-beat-1  Starting
 Container stealth-reecovery-beat-1  Started
 Container stealth-reecovery-worker-1  Started
 Container stealth-reecovery-frontend-1  Started
