TASK 1: REPOSITORY STRUCTURE ANALYSIS
======================================

Backend Structure (app/):
app/auth_schemas.py
app/db.py
app/deps.py
app/logging_config.py
app/main.py
app/middleware.py
app/models.py
app/psp/adapter.py
app/psp/dispatcher.py
app/psp/razorpay_adapter.py
app/psp/stripe_adapter.py
app/psp/__init__.py
app/routers/analytics.py
app/routers/auth.py
app/routers/classifier.py
app/routers/dev.py
app/routers/events.py
app/routers/payments.py
app/routers/recoveries.py
app/routers/recovery_links.py
app/routers/retry_policies.py
app/routers/stripe_payments.py
app/routers/webhooks_stripe.py
app/routers/__init__.py
app/rules.py
app/schemas.py
app/security.py
app/server.py
app/services/analytics.py
app/services/classifier.py

Frontend Structure (tinko-console/):
tinko-console/app/(console)/dashboard/page.tsx
tinko-console/app/(console)/dashboard/_components/recovery-feed.tsx
tinko-console/app/(console)/developer/logs/page.tsx
tinko-console/app/(console)/developer/page.tsx
tinko-console/app/(console)/error.tsx
tinko-console/app/(console)/layout.tsx
tinko-console/app/(console)/loading.tsx
tinko-console/app/(console)/onboarding/page.tsx
tinko-console/app/(console)/rules/page.tsx
tinko-console/app/(console)/settings/page.tsx
tinko-console/app/(console)/templates/page.tsx
tinko-console/app/api/auth/[...nextauth]/route.ts
tinko-console/app/auth/error/page.tsx
tinko-console/app/auth/signin/page.tsx
tinko-console/app/auth/signup/page.tsx
tinko-console/app/contact/page.tsx
tinko-console/app/guest/page.tsx
tinko-console/app/layout.tsx
tinko-console/app/offline/page.tsx
tinko-console/app/page.tsx
tinko-console/app/pay/cancel/page.tsx
tinko-console/app/pay/retry/success/page.tsx
tinko-console/app/pay/retry/[token]/page.tsx
tinko-console/app/pay/success/page.tsx
tinko-console/app/pay/success/PaymentSuccessContent.tsx
tinko-console/app/pay/[token]/page.tsx
tinko-console/app/pricing/page.tsx
tinko-console/app/privacy/page.tsx
tinko-console/app/sitemap.ts
tinko-console/app/terms/page.tsx

Infrastructure Files:
-rw-r--r-- 1 srina 197609 2506 Oct 19 01:46 .github/workflows/ci.yml
-rw-r--r-- 1 srina 197609 1039 Oct 19 01:46 .github/workflows/deploy.yml
-rw-r--r-- 1 srina 197609 3256 Oct 18 18:21 docker-compose.yml
-rw-r--r-- 1 srina 197609  884 Oct 18 09:45 Dockerfile
-rw-r--r-- 1 srina 197609   60 Oct 17 10:58 Procfile
