TASK 2: BACKEND ROUTES INVENTORY
================================

Auth Router (app/routers/auth.py):
31:@router.post("/register", response_model=TokenResponse, status_code=status.HTTP_201_CREATED)
107:@router.post("/login", response_model=TokenResponse)
144:@router.get("/me", response_model=UserResponse)
152:@router.get("/org", response_model=OrganizationResponse)

Events Router (app/routers/events.py):
11:@router.post("/payment_failed", response_model=schemas.FailureEventOut, status_code=status.HTTP_201_CREATED)
63:@router.get("/by_ref/{transaction_ref}")

Recoveries Router (app/routers/recoveries.py):
14:@router.post("/by_ref/{transaction_ref}/link", response_model=schemas.RecoveryLinkOut, status_code=status.HTTP_201_CREATED)
41:@router.get("/by_ref/{transaction_ref}")

Stripe Payments Router (app/routers/stripe_payments.py):
66:@router.post("/checkout-sessions", response_model=CheckoutSessionResponse, status_code=status.HTTP_201_CREATED)
152:@router.post("/payment-links", response_model=PaymentLinkResponse, status_code=status.HTTP_201_CREATED)
221:@router.get("/sessions/{session_id}/status", response_model=SessionStatusResponse)
265:@router.post("/webhooks", status_code=status.HTTP_200_OK, include_in_schema=False)

Analytics Router (app/routers/analytics.py):
13:@router.get("/recovery_rate")
22:@router.get("/failure_categories")
30:@router.get("/revenue_recovered")
39:@router.get("/attempts_by_channel")

Retry Policies Router (app/routers/retry_policies.py):
73:@router.post("/policies", response_model=RetryPolicyResponse, dependencies=[Depends(require_roles(['admin']))])
111:@router.get("/policies", response_model=List[RetryPolicyResponse])
124:@router.get("/policies/active", response_model=Optional[RetryPolicyResponse])
138:@router.delete("/policies/{policy_id}", dependencies=[Depends(require_roles(['admin']))])
166:@router.get("/stats", response_model=RetryStatsResponse)
198:@router.get("/attempts/{attempt_id}/notifications", response_model=List[NotificationLogResponse])
221:@router.post("/attempts/{attempt_id}/retry-now", dependencies=[Depends(require_roles(['admin']))])
