TASK 8: CI/CD & INFRASTRUCTURE INVENTORY
========================================

CI Workflows:
name: Tinko Recovery CI

on:
  push:
    branches: [ main, develop ]
  pull_request:
    branches: [ main, develop ]

jobs:
  test:
    runs-on: ubuntu-latest
    
    services:
      postgres:
        image: postgres:15
        env:
          POSTGRES_USER: tinko
          POSTGRES_PASSWORD: tinko_password
          POSTGRES_DB: tinko_recovery_test
        ports:
          - 5432:5432
        options: >-
          --health-cmd pg_isready
          --health-interval 10s
          --health-timeout 5s
          --health-retries 5
      
      redis:
        image: redis:7-alpine
        ports:
          - 6379:6379
        options: >-
          --health-cmd "redis-cli ping"
          --health-interval 10s
          --health-timeout 5s
          --health-retries 5
    
    steps:
    - name: Checkout code
      uses: actions/checkout@v3
    
    - name: Set up Python 3.11
      uses: actions/setup-python@v4
      with:
        python-version: '3.11'
        cache: 'pip'
    
    - name: Install Python dependencies
      run: |
        pip install --upgrade pip

K8s manifests:

Docker Compose:
version: '3.8'

services:
  # PostgreSQL database (production-ready alternative to SQLite)
  db:
    image: postgres:15-alpine
    environment:
      POSTGRES_DB: stealth_recovery
      POSTGRES_USER: postgres
      POSTGRES_PASSWORD: postgres
    volumes:
      - postgres_data:/var/lib/postgresql/data
    ports:
      - "5432:5432"
    healthcheck:
      test: ["CMD-SHELL", "pg_isready -U postgres"]
      interval: 5s
      timeout: 5s
      retries: 5

  # Redis for caching and background jobs
  redis:
    image: redis:7-alpine
    ports:
      - "6379:6379"
    healthcheck:
      test: ["CMD", "redis-cli", "ping"]
      interval: 5s
      timeout: 3s
      retries: 5

  # MailHog for email testing (SMTP server + web UI)
  mailhog:
    image: mailhog/mailhog:latest
    ports:
      - "1025:1025"  # SMTP server
      - "8025:8025"  # Web UI
    environment:
      MH_STORAGE: memory

